c:\users\legog\desktop\301_engine\engine_melnikovs\x64\debug\vc142.pdb
c:\users\legog\desktop\301_engine\engine_melnikovs\x64\debug\vc142.idb
c:\users\legog\desktop\301_engine\engine_melnikovs\x64\debug\stb_image.obj
c:\users\legog\desktop\301_engine\engine_melnikovs\x64\debug\main.obj
c:\users\legog\desktop\301_engine\engine_melnikovs\x64\debug\gameobject.obj
c:\users\legog\desktop\301_engine\engine_melnikovs\x64\debug\sound.obj
c:\users\legog\desktop\301_engine\engine_melnikovs\x64\debug\renderer.obj
c:\users\legog\desktop\301_engine\engine_melnikovs\x64\debug\physics.obj
c:\users\legog\desktop\301_engine\engine_melnikovs\x64\debug\glad.obj
c:\users\legog\desktop\301_engine\engine_melnikovs\x64\debug\eventhandler.obj
c:\users\legog\desktop\301_engine\engine_melnikovs\x64\debug\imgui_impl_opengl3.obj
c:\users\legog\desktop\301_engine\engine_melnikovs\x64\debug\imgui_impl_opengl2.obj
c:\users\legog\desktop\301_engine\engine_melnikovs\x64\debug\imgui_impl_glfw.obj
c:\users\legog\desktop\301_engine\engine_melnikovs\x64\debug\imgui_widgets.obj
c:\users\legog\desktop\301_engine\engine_melnikovs\x64\debug\imgui_draw.obj
c:\users\legog\desktop\301_engine\engine_melnikovs\x64\debug\imgui_demo.obj
c:\users\legog\desktop\301_engine\engine_melnikovs\x64\debug\imgui.obj
c:\users\legog\desktop\301_engine\engine_melnikovs\x64\debug\network.obj
c:\users\legog\desktop\301_engine\engine_melnikovs\x64\debug\dataio.obj
c:\users\legog\desktop\301_engine\engine_melnikovs\x64\debug\ui.obj
c:\users\legog\desktop\301_engine\engine_melnikovs\x64\debug\networkclient.obj
c:\users\legog\desktop\301_engine\engine_melnikovs\x64\debug\engine_melnikovs.exe
c:\users\legog\desktop\301_engine\engine_melnikovs\x64\debug\engine_melnikovs.ilk
c:\users\legog\desktop\301_engine\engine_melnikovs\x64\debug\engine_melnikovs.pdb
c:\users\legog\desktop\301_engine\engine_melnikovs\x64\debug\engine_melnikovs.tlog\cl.command.1.tlog
c:\users\legog\desktop\301_engine\engine_melnikovs\x64\debug\engine_melnikovs.tlog\cl.read.1.tlog
c:\users\legog\desktop\301_engine\engine_melnikovs\x64\debug\engine_melnikovs.tlog\cl.write.1.tlog
c:\users\legog\desktop\301_engine\engine_melnikovs\x64\debug\engine_melnikovs.tlog\link.command.1.tlog
c:\users\legog\desktop\301_engine\engine_melnikovs\x64\debug\engine_melnikovs.tlog\link.read.1.tlog
c:\users\legog\desktop\301_engine\engine_melnikovs\x64\debug\engine_melnikovs.tlog\link.write.1.tlog
